<?xml version="1.0" encoding="UTF-8"?>
<!-- Generated by org.testng.reporters.JUnitReportReporter -->
<testsuite hostname="OSIT-L-0489" name="sample.testng.SampleC" tests="1" failures="0" timestamp="1 Mar 2018 09:25:34 GMT" time="15.432" errors="0">
  <testcase name="test" time="15.432" classname="sample.testng.SampleC"/>
</testsuite> <!-- sample.testng.SampleC -->
