<?xml version="1.0" encoding="UTF-8"?>
<!-- Generated by org.testng.reporters.JUnitReportReporter -->
<testsuite name="sample.testng.SampleExtentReports" tests="3" time="43.596" ignored="0" failures="0" timestamp="03 Apr 2018 06:28:40 GMT" skipped="0" hostname="OSIT-L-0489" errors="0">
  <testcase name="testTestNG" time="16.106" classname="sample.testng.SampleExtentReports"/>
  <testcase name="testSeleniumHQ" time="16.575" classname="sample.testng.SampleExtentReports"/>
  <testcase name="testGMail" time="10.915" classname="sample.testng.SampleExtentReports"/>
</testsuite> <!-- sample.testng.SampleExtentReports -->
