<?xml version="1.0" encoding="UTF-8"?>
<!-- Generated by org.testng.reporters.JUnitReportReporter -->
<testsuite name="sample.testng.SampleParallelMethods" tests="3" time="45.972" ignored="0" failures="0" timestamp="01 Mar 2018 09:54:36 GMT" skipped="0" hostname="OSIT-L-0489" errors="0">
  <testcase name="test2" time="13.864" classname="sample.testng.SampleParallelMethods"/>
  <testcase name="test1" time="18.457" classname="sample.testng.SampleParallelMethods"/>
  <testcase name="test3" time="13.651" classname="sample.testng.SampleParallelMethods"/>
</testsuite> <!-- sample.testng.SampleParallelMethods -->
