<?xml version="1.0" encoding="UTF-8"?>
<!-- Generated by org.testng.reporters.JUnitReportReporter -->
<testsuite name="sample.code.SampleScrollDownUP" tests="1" time="27.215" ignored="0" failures="0" timestamp="28 Feb 2018 11:58:39 GMT" skipped="0" hostname="OSIT-L-0489" errors="0">
  <testcase name="ScrollDown" time="27.215" classname="sample.code.SampleScrollDownUP"/>
</testsuite> <!-- sample.code.SampleScrollDownUP -->
