<?xml version="1.0" encoding="UTF-8"?>
<!-- Generated by org.testng.reporters.JUnitReportReporter -->
<testsuite name="sample.testng.SampleC" tests="1" time="17.218" ignored="0" failures="0" timestamp="01 Mar 2018 09:27:02 GMT" skipped="0" hostname="OSIT-L-0489" errors="0">
  <testcase name="test" time="17.218" classname="sample.testng.SampleC"/>
</testsuite> <!-- sample.testng.SampleC -->
