<?xml version="1.0" encoding="UTF-8"?>
<!-- Generated by org.testng.reporters.JUnitReportReporter -->
<testsuite name="sample.selenium.grid.SampleTest" tests="1" time="20.672" ignored="0" failures="0" timestamp="23 Feb 2018 10:06:36 GMT" skipped="0" hostname="OSIT-L-0489" errors="0">
  <testcase name="test1" time="20.672" classname="sample.selenium.grid.SampleTest"/>
</testsuite> <!-- sample.selenium.grid.SampleTest -->
