<?xml version="1.0" encoding="UTF-8"?>
<!-- Generated by org.testng.reporters.JUnitReportReporter -->
<testsuite name="sample.testng.SampleB" tests="1" time="19.497" ignored="0" failures="0" timestamp="01 Mar 2018 09:27:02 GMT" skipped="0" hostname="OSIT-L-0489" errors="0">
  <testcase name="test" time="19.497" classname="sample.testng.SampleB"/>
</testsuite> <!-- sample.testng.SampleB -->
