<?xml version="1.0" encoding="UTF-8"?>
<!-- Generated by org.testng.reporters.JUnitReportReporter -->
<testsuite name="sample.selenium.code.OpenGoogle" tests="1" time="6.887" ignored="0" failures="0" timestamp="26 Feb 2018 09:33:58 GMT" skipped="0" hostname="OSIT-L-0489" errors="0">
  <testcase name="test1" time="6.887" classname="sample.selenium.code.OpenGoogle"/>
</testsuite> <!-- sample.selenium.code.OpenGoogle -->
