<?xml version="1.0" encoding="UTF-8"?>
<!-- Generated by org.testng.reporters.JUnitReportReporter -->
<testsuite name="sample.testng.SampleTestNG" tests="1" time="0.006" ignored="0" failures="0" timestamp="17 Apr 2018 10:05:03 GMT" skipped="0" hostname="OSIT-L-0489" errors="0">
  <testcase name="test" time="0.006" classname="sample.testng.SampleTestNG"/>
</testsuite> <!-- sample.testng.SampleTestNG -->
